2023-10-06T17:44:18.858Z error: Message: this.newsposts.getAllPostsPaged is not a function, Stack: TypeError: this.newsposts.getAllPostsPaged is not a function
    at NewspostsService.getAllPostsPaged (C:\Users\dima6\Desktop\gitlab\homeworks-DanIT\node-js\homework-13\backend\dist\src\bll\Newsposts.service.js:24:35)
    at NewsController.getAllPostsQuery (C:\Users\dima6\Desktop\gitlab\homeworks-DanIT\node-js\homework-13\backend\dist\src\controllers\NewsController.js:39:59)
    at Layer.handle [as handle_request] (C:\Users\dima6\Desktop\gitlab\homeworks-DanIT\node-js\homework-13\backend\node_modules\express\lib\router\layer.js:95:5)
    at next (C:\Users\dima6\Desktop\gitlab\homeworks-DanIT\node-js\homework-13\backend\node_modules\express\lib\router\route.js:144:13)
    at Immediate._onImmediate (C:\Users\dima6\Desktop\gitlab\homeworks-DanIT\node-js\homework-13\backend\dist\src\middleware\passportMiddleware.js:27:17)
    at process.processImmediate (node:internal/timers:476:21)
2023-10-06T17:44:55.350Z error: Message: Relation with property path user in entity was not found., Stack: TypeORMError: Relation with property path user in entity was not found.
    at JoinAttribute.getValue (C:\Users\dima6\Desktop\gitlab\homeworks-DanIT\node-js\homework-13\backend\node_modules\typeorm\query-builder\JoinAttribute.js:109:23)
    at get relation [as relation] (C:\Users\dima6\Desktop\gitlab\homeworks-DanIT\node-js\homework-13\backend\node_modules\typeorm\query-builder\JoinAttribute.js:111:53)
    at get metadata [as metadata] (C:\Users\dima6\Desktop\gitlab\homeworks-DanIT\node-js\homework-13\backend\node_modules\typeorm\query-builder\JoinAttribute.js:122:18)
    at SelectQueryBuilder.join (C:\Users\dima6\Desktop\gitlab\homeworks-DanIT\node-js\homework-13\backend\node_modules\typeorm\query-builder\SelectQueryBuilder.js:963:53)
    at SelectQueryBuilder.leftJoin (C:\Users\dima6\Desktop\gitlab\homeworks-DanIT\node-js\homework-13\backend\node_modules\typeorm\query-builder\SelectQueryBuilder.js:195:14)
    at SelectQueryBuilder.leftJoinAndSelect (C:\Users\dima6\Desktop\gitlab\homeworks-DanIT\node-js\homework-13\backend\node_modules\typeorm\query-builder\SelectQueryBuilder.js:215:14)
    at NewspostsRepository.getAllPosts (C:\Users\dima6\Desktop\gitlab\homeworks-DanIT\node-js\homework-13\backend\dist\src\dal\newsposts\newsposts.repository.js:22:18)
    at NewspostsService.getAll (C:\Users\dima6\Desktop\gitlab\homeworks-DanIT\node-js\homework-13\backend\dist\src\bll\Newsposts.service.js:21:35)
    at NewsController.getAllPosts (C:\Users\dima6\Desktop\gitlab\homeworks-DanIT\node-js\homework-13\backend\dist\src\controllers\NewsController.js:26:59)
    at Layer.handle [as handle_request] (C:\Users\dima6\Desktop\gitlab\homeworks-DanIT\node-js\homework-13\backend\node_modules\express\lib\router\layer.js:95:5)
2023-10-06T17:48:25.818Z error: Message: this.newsposts.getAllPostsPaged is not a function, Stack: TypeError: this.newsposts.getAllPostsPaged is not a function
    at NewspostsService.getAllPostsPaged (C:\Users\dima6\Desktop\gitlab\homeworks-DanIT\node-js\homework-13\backend\dist\src\bll\Newsposts.service.js:24:35)
    at NewsController.getAllPostsQuery (C:\Users\dima6\Desktop\gitlab\homeworks-DanIT\node-js\homework-13\backend\dist\src\controllers\NewsController.js:39:59)
    at Layer.handle [as handle_request] (C:\Users\dima6\Desktop\gitlab\homeworks-DanIT\node-js\homework-13\backend\node_modules\express\lib\router\layer.js:95:5)
    at next (C:\Users\dima6\Desktop\gitlab\homeworks-DanIT\node-js\homework-13\backend\node_modules\express\lib\router\route.js:144:13)
    at Immediate._onImmediate (C:\Users\dima6\Desktop\gitlab\homeworks-DanIT\node-js\homework-13\backend\dist\src\middleware\passportMiddleware.js:27:17)
    at process.processImmediate (node:internal/timers:476:21)
2023-10-06T18:21:25.166Z error: Message: this.postValidator is not a function, Stack: TypeError: this.postValidator is not a function
    at NewsController.createPost (C:\Users\dima6\Desktop\gitlab\homeworks-DanIT\node-js\homework-13\backend\dist\src\controllers\NewsController.js:58:38)
    at Layer.handle [as handle_request] (C:\Users\dima6\Desktop\gitlab\homeworks-DanIT\node-js\homework-13\backend\node_modules\express\lib\router\layer.js:95:5)
    at next (C:\Users\dima6\Desktop\gitlab\homeworks-DanIT\node-js\homework-13\backend\node_modules\express\lib\router\route.js:144:13)
    at Immediate._onImmediate (C:\Users\dima6\Desktop\gitlab\homeworks-DanIT\node-js\homework-13\backend\dist\src\middleware\passportMiddleware.js:27:17)
    at process.processImmediate (node:internal/timers:476:21)
2023-10-06T18:24:11.230Z error: Message: this.postValidator is not a function, Stack: TypeError: this.postValidator is not a function
    at NewsController.createPost (C:\Users\dima6\Desktop\gitlab\homeworks-DanIT\node-js\homework-13\backend\dist\src\controllers\NewsController.js:58:38)
    at Layer.handle [as handle_request] (C:\Users\dima6\Desktop\gitlab\homeworks-DanIT\node-js\homework-13\backend\node_modules\express\lib\router\layer.js:95:5)
    at next (C:\Users\dima6\Desktop\gitlab\homeworks-DanIT\node-js\homework-13\backend\node_modules\express\lib\router\route.js:144:13)
    at Immediate._onImmediate (C:\Users\dima6\Desktop\gitlab\homeworks-DanIT\node-js\homework-13\backend\dist\src\middleware\passportMiddleware.js:27:17)
    at process.processImmediate (node:internal/timers:476:21)
2023-10-06T18:24:12.672Z error: Message: this.postValidator is not a function, Stack: TypeError: this.postValidator is not a function
    at NewsController.createPost (C:\Users\dima6\Desktop\gitlab\homeworks-DanIT\node-js\homework-13\backend\dist\src\controllers\NewsController.js:58:38)
    at Layer.handle [as handle_request] (C:\Users\dima6\Desktop\gitlab\homeworks-DanIT\node-js\homework-13\backend\node_modules\express\lib\router\layer.js:95:5)
    at next (C:\Users\dima6\Desktop\gitlab\homeworks-DanIT\node-js\homework-13\backend\node_modules\express\lib\router\route.js:144:13)
    at Immediate._onImmediate (C:\Users\dima6\Desktop\gitlab\homeworks-DanIT\node-js\homework-13\backend\dist\src\middleware\passportMiddleware.js:27:17)
    at process.processImmediate (node:internal/timers:476:21)
2023-10-06T18:54:37.148Z error: Message: null значення в стовпці "title" відношення "newspost" порушує not-null обмеження, Stack: QueryFailedError: null значення в стовпці "title" відношення "newspost" порушує not-null обмеження
    at PostgresQueryRunner.query (C:\Users\dima6\Desktop\gitlab\homeworks-DanIT\node-js\homework-13\backend\node_modules\typeorm\driver\postgres\PostgresQueryRunner.js:211:19)
    at process.processTicksAndRejections (node:internal/process/task_queues:95:5)
    at async InsertQueryBuilder.execute (C:\Users\dima6\Desktop\gitlab\homeworks-DanIT\node-js\homework-13\backend\node_modules\typeorm\query-builder\InsertQueryBuilder.js:106:33)
    at async NewspostsRepository.createNewspost (C:\Users\dima6\Desktop\gitlab\homeworks-DanIT\node-js\homework-13\backend\dist\src\dal\newsposts\newsposts.repository.js:27:30)
    at async NewsController.createPost (C:\Users\dima6\Desktop\gitlab\homeworks-DanIT\node-js\homework-13\backend\dist\src\controllers\NewsController.js:58:33)
2023-10-06T18:54:51.685Z error: Message: Unexpected token } in JSON at position 150, Stack: SyntaxError: Unexpected token } in JSON at position 150
    at JSON.parse (<anonymous>)
    at parse (C:\Users\dima6\Desktop\gitlab\homeworks-DanIT\node-js\homework-13\backend\node_modules\body-parser\lib\types\json.js:92:19)
    at C:\Users\dima6\Desktop\gitlab\homeworks-DanIT\node-js\homework-13\backend\node_modules\body-parser\lib\read.js:128:18
    at AsyncResource.runInAsyncScope (node:async_hooks:203:9)
    at invokeCallback (C:\Users\dima6\Desktop\gitlab\homeworks-DanIT\node-js\homework-13\backend\node_modules\raw-body\index.js:238:16)
    at done (C:\Users\dima6\Desktop\gitlab\homeworks-DanIT\node-js\homework-13\backend\node_modules\raw-body\index.js:227:7)
    at IncomingMessage.onEnd (C:\Users\dima6\Desktop\gitlab\homeworks-DanIT\node-js\homework-13\backend\node_modules\raw-body\index.js:287:7)
    at IncomingMessage.emit (node:events:513:28)
    at IncomingMessage.emit (node:domain:489:12)
    at endReadableNT (node:internal/streams/readable:1359:12)
2023-10-06T18:54:56.291Z error: Message: null значення в стовпці "isPrivate" відношення "newspost" порушує not-null обмеження, Stack: QueryFailedError: null значення в стовпці "isPrivate" відношення "newspost" порушує not-null обмеження
    at PostgresQueryRunner.query (C:\Users\dima6\Desktop\gitlab\homeworks-DanIT\node-js\homework-13\backend\node_modules\typeorm\driver\postgres\PostgresQueryRunner.js:211:19)
    at process.processTicksAndRejections (node:internal/process/task_queues:95:5)
    at async InsertQueryBuilder.execute (C:\Users\dima6\Desktop\gitlab\homeworks-DanIT\node-js\homework-13\backend\node_modules\typeorm\query-builder\InsertQueryBuilder.js:106:33)
    at async NewspostsRepository.createNewspost (C:\Users\dima6\Desktop\gitlab\homeworks-DanIT\node-js\homework-13\backend\dist\src\dal\newsposts\newsposts.repository.js:27:30)
    at async NewsController.createPost (C:\Users\dima6\Desktop\gitlab\homeworks-DanIT\node-js\homework-13\backend\dist\src\controllers\NewsController.js:58:33)
2023-10-06T19:12:11.817Z error: Message: "p" alias was not found. Maybe you forgot to join it?, Stack: TypeORMError: "p" alias was not found. Maybe you forgot to join it?
    at QueryExpressionMap.findAliasByName (C:\Users\dima6\Desktop\gitlab\homeworks-DanIT\node-js\homework-13\backend\node_modules\typeorm\query-builder\QueryExpressionMap.js:245:19)
    at JoinAttribute.getValue (C:\Users\dima6\Desktop\gitlab\homeworks-DanIT\node-js\homework-13\backend\node_modules\typeorm\query-builder\JoinAttribute.js:97:72)
    at get relation [as relation] (C:\Users\dima6\Desktop\gitlab\homeworks-DanIT\node-js\homework-13\backend\node_modules\typeorm\query-builder\JoinAttribute.js:111:53)
    at get metadata [as metadata] (C:\Users\dima6\Desktop\gitlab\homeworks-DanIT\node-js\homework-13\backend\node_modules\typeorm\query-builder\JoinAttribute.js:122:18)
    at SelectQueryBuilder.join (C:\Users\dima6\Desktop\gitlab\homeworks-DanIT\node-js\homework-13\backend\node_modules\typeorm\query-builder\SelectQueryBuilder.js:963:53)
    at SelectQueryBuilder.leftJoin (C:\Users\dima6\Desktop\gitlab\homeworks-DanIT\node-js\homework-13\backend\node_modules\typeorm\query-builder\SelectQueryBuilder.js:195:14)
    at SelectQueryBuilder.leftJoinAndSelect (C:\Users\dima6\Desktop\gitlab\homeworks-DanIT\node-js\homework-13\backend\node_modules\typeorm\query-builder\SelectQueryBuilder.js:215:14)
    at NewspostsRepository.getAllNewsposts (C:\Users\dima6\Desktop\gitlab\homeworks-DanIT\node-js\homework-13\backend\dist\src\dal\newsposts\newsposts.repository.js:21:18)
    at NewspostsService.getAll (C:\Users\dima6\Desktop\gitlab\homeworks-DanIT\node-js\homework-13\backend\dist\src\bll\Newsposts.service.js:21:35)
    at NewsController.getAllPosts (C:\Users\dima6\Desktop\gitlab\homeworks-DanIT\node-js\homework-13\backend\dist\src\controllers\NewsController.js:26:59)
2023-10-06T19:12:38.934Z error: Message: "p" alias was not found. Maybe you forgot to join it?, Stack: TypeORMError: "p" alias was not found. Maybe you forgot to join it?
    at QueryExpressionMap.findAliasByName (C:\Users\dima6\Desktop\gitlab\homeworks-DanIT\node-js\homework-13\backend\node_modules\typeorm\query-builder\QueryExpressionMap.js:245:19)
    at JoinAttribute.getValue (C:\Users\dima6\Desktop\gitlab\homeworks-DanIT\node-js\homework-13\backend\node_modules\typeorm\query-builder\JoinAttribute.js:97:72)
    at get relation [as relation] (C:\Users\dima6\Desktop\gitlab\homeworks-DanIT\node-js\homework-13\backend\node_modules\typeorm\query-builder\JoinAttribute.js:111:53)
    at get metadata [as metadata] (C:\Users\dima6\Desktop\gitlab\homeworks-DanIT\node-js\homework-13\backend\node_modules\typeorm\query-builder\JoinAttribute.js:122:18)
    at SelectQueryBuilder.join (C:\Users\dima6\Desktop\gitlab\homeworks-DanIT\node-js\homework-13\backend\node_modules\typeorm\query-builder\SelectQueryBuilder.js:963:53)
    at SelectQueryBuilder.innerJoin (C:\Users\dima6\Desktop\gitlab\homeworks-DanIT\node-js\homework-13\backend\node_modules\typeorm\query-builder\SelectQueryBuilder.js:186:14)
    at SelectQueryBuilder.innerJoinAndSelect (C:\Users\dima6\Desktop\gitlab\homeworks-DanIT\node-js\homework-13\backend\node_modules\typeorm\query-builder\SelectQueryBuilder.js:205:14)
    at NewspostsRepository.getAllNewsposts (C:\Users\dima6\Desktop\gitlab\homeworks-DanIT\node-js\homework-13\backend\dist\src\dal\newsposts\newsposts.repository.js:21:18)
    at NewspostsService.getAll (C:\Users\dima6\Desktop\gitlab\homeworks-DanIT\node-js\homework-13\backend\dist\src\bll\Newsposts.service.js:21:35)
    at NewsController.getAllPosts (C:\Users\dima6\Desktop\gitlab\homeworks-DanIT\node-js\homework-13\backend\dist\src\controllers\NewsController.js:26:59)
2023-10-06T19:12:39.819Z error: Message: "p" alias was not found. Maybe you forgot to join it?, Stack: TypeORMError: "p" alias was not found. Maybe you forgot to join it?
    at QueryExpressionMap.findAliasByName (C:\Users\dima6\Desktop\gitlab\homeworks-DanIT\node-js\homework-13\backend\node_modules\typeorm\query-builder\QueryExpressionMap.js:245:19)
    at JoinAttribute.getValue (C:\Users\dima6\Desktop\gitlab\homeworks-DanIT\node-js\homework-13\backend\node_modules\typeorm\query-builder\JoinAttribute.js:97:72)
    at get relation [as relation] (C:\Users\dima6\Desktop\gitlab\homeworks-DanIT\node-js\homework-13\backend\node_modules\typeorm\query-builder\JoinAttribute.js:111:53)
    at get metadata [as metadata] (C:\Users\dima6\Desktop\gitlab\homeworks-DanIT\node-js\homework-13\backend\node_modules\typeorm\query-builder\JoinAttribute.js:122:18)
    at SelectQueryBuilder.join (C:\Users\dima6\Desktop\gitlab\homeworks-DanIT\node-js\homework-13\backend\node_modules\typeorm\query-builder\SelectQueryBuilder.js:963:53)
    at SelectQueryBuilder.innerJoin (C:\Users\dima6\Desktop\gitlab\homeworks-DanIT\node-js\homework-13\backend\node_modules\typeorm\query-builder\SelectQueryBuilder.js:186:14)
    at SelectQueryBuilder.innerJoinAndSelect (C:\Users\dima6\Desktop\gitlab\homeworks-DanIT\node-js\homework-13\backend\node_modules\typeorm\query-builder\SelectQueryBuilder.js:205:14)
    at NewspostsRepository.getAllNewsposts (C:\Users\dima6\Desktop\gitlab\homeworks-DanIT\node-js\homework-13\backend\dist\src\dal\newsposts\newsposts.repository.js:21:18)
    at NewspostsService.getAll (C:\Users\dima6\Desktop\gitlab\homeworks-DanIT\node-js\homework-13\backend\dist\src\bll\Newsposts.service.js:21:35)
    at NewsController.getAllPosts (C:\Users\dima6\Desktop\gitlab\homeworks-DanIT\node-js\homework-13\backend\dist\src\controllers\NewsController.js:26:59)
2023-10-06T19:12:49.815Z error: Message: "p" alias was not found. Maybe you forgot to join it?, Stack: TypeORMError: "p" alias was not found. Maybe you forgot to join it?
    at QueryExpressionMap.findAliasByName (C:\Users\dima6\Desktop\gitlab\homeworks-DanIT\node-js\homework-13\backend\node_modules\typeorm\query-builder\QueryExpressionMap.js:245:19)
    at JoinAttribute.getValue (C:\Users\dima6\Desktop\gitlab\homeworks-DanIT\node-js\homework-13\backend\node_modules\typeorm\query-builder\JoinAttribute.js:97:72)
    at get relation [as relation] (C:\Users\dima6\Desktop\gitlab\homeworks-DanIT\node-js\homework-13\backend\node_modules\typeorm\query-builder\JoinAttribute.js:111:53)
    at get metadata [as metadata] (C:\Users\dima6\Desktop\gitlab\homeworks-DanIT\node-js\homework-13\backend\node_modules\typeorm\query-builder\JoinAttribute.js:122:18)
    at SelectQueryBuilder.join (C:\Users\dima6\Desktop\gitlab\homeworks-DanIT\node-js\homework-13\backend\node_modules\typeorm\query-builder\SelectQueryBuilder.js:963:53)
    at SelectQueryBuilder.innerJoin (C:\Users\dima6\Desktop\gitlab\homeworks-DanIT\node-js\homework-13\backend\node_modules\typeorm\query-builder\SelectQueryBuilder.js:186:14)
    at SelectQueryBuilder.innerJoinAndSelect (C:\Users\dima6\Desktop\gitlab\homeworks-DanIT\node-js\homework-13\backend\node_modules\typeorm\query-builder\SelectQueryBuilder.js:205:14)
    at NewspostsRepository.getAllNewsposts (C:\Users\dima6\Desktop\gitlab\homeworks-DanIT\node-js\homework-13\backend\dist\src\dal\newsposts\newsposts.repository.js:21:18)
    at NewspostsService.getAll (C:\Users\dima6\Desktop\gitlab\homeworks-DanIT\node-js\homework-13\backend\dist\src\bll\Newsposts.service.js:21:35)
    at NewsController.getAllPosts (C:\Users\dima6\Desktop\gitlab\homeworks-DanIT\node-js\homework-13\backend\dist\src\controllers\NewsController.js:26:59)
2023-10-06T19:12:51.986Z error: Message: "p" alias was not found. Maybe you forgot to join it?, Stack: TypeORMError: "p" alias was not found. Maybe you forgot to join it?
    at QueryExpressionMap.findAliasByName (C:\Users\dima6\Desktop\gitlab\homeworks-DanIT\node-js\homework-13\backend\node_modules\typeorm\query-builder\QueryExpressionMap.js:245:19)
    at JoinAttribute.getValue (C:\Users\dima6\Desktop\gitlab\homeworks-DanIT\node-js\homework-13\backend\node_modules\typeorm\query-builder\JoinAttribute.js:97:72)
    at get relation [as relation] (C:\Users\dima6\Desktop\gitlab\homeworks-DanIT\node-js\homework-13\backend\node_modules\typeorm\query-builder\JoinAttribute.js:111:53)
    at get metadata [as metadata] (C:\Users\dima6\Desktop\gitlab\homeworks-DanIT\node-js\homework-13\backend\node_modules\typeorm\query-builder\JoinAttribute.js:122:18)
    at SelectQueryBuilder.join (C:\Users\dima6\Desktop\gitlab\homeworks-DanIT\node-js\homework-13\backend\node_modules\typeorm\query-builder\SelectQueryBuilder.js:963:53)
    at SelectQueryBuilder.innerJoin (C:\Users\dima6\Desktop\gitlab\homeworks-DanIT\node-js\homework-13\backend\node_modules\typeorm\query-builder\SelectQueryBuilder.js:186:14)
    at SelectQueryBuilder.innerJoinAndSelect (C:\Users\dima6\Desktop\gitlab\homeworks-DanIT\node-js\homework-13\backend\node_modules\typeorm\query-builder\SelectQueryBuilder.js:205:14)
    at NewspostsRepository.getAllNewsposts (C:\Users\dima6\Desktop\gitlab\homeworks-DanIT\node-js\homework-13\backend\dist\src\dal\newsposts\newsposts.repository.js:21:18)
    at NewspostsService.getAll (C:\Users\dima6\Desktop\gitlab\homeworks-DanIT\node-js\homework-13\backend\dist\src\bll\Newsposts.service.js:21:35)
    at NewsController.getAllPosts (C:\Users\dima6\Desktop\gitlab\homeworks-DanIT\node-js\homework-13\backend\dist\src\controllers\NewsController.js:26:59)
2023-10-06T19:13:02.282Z error: Message: "p" alias was not found. Maybe you forgot to join it?, Stack: TypeORMError: "p" alias was not found. Maybe you forgot to join it?
    at QueryExpressionMap.findAliasByName (C:\Users\dima6\Desktop\gitlab\homeworks-DanIT\node-js\homework-13\backend\node_modules\typeorm\query-builder\QueryExpressionMap.js:245:19)
    at JoinAttribute.getValue (C:\Users\dima6\Desktop\gitlab\homeworks-DanIT\node-js\homework-13\backend\node_modules\typeorm\query-builder\JoinAttribute.js:97:72)
    at get relation [as relation] (C:\Users\dima6\Desktop\gitlab\homeworks-DanIT\node-js\homework-13\backend\node_modules\typeorm\query-builder\JoinAttribute.js:111:53)
    at get metadata [as metadata] (C:\Users\dima6\Desktop\gitlab\homeworks-DanIT\node-js\homework-13\backend\node_modules\typeorm\query-builder\JoinAttribute.js:122:18)
    at SelectQueryBuilder.join (C:\Users\dima6\Desktop\gitlab\homeworks-DanIT\node-js\homework-13\backend\node_modules\typeorm\query-builder\SelectQueryBuilder.js:963:53)
    at SelectQueryBuilder.leftJoin (C:\Users\dima6\Desktop\gitlab\homeworks-DanIT\node-js\homework-13\backend\node_modules\typeorm\query-builder\SelectQueryBuilder.js:195:14)
    at SelectQueryBuilder.leftJoinAndSelect (C:\Users\dima6\Desktop\gitlab\homeworks-DanIT\node-js\homework-13\backend\node_modules\typeorm\query-builder\SelectQueryBuilder.js:215:14)
    at NewspostsRepository.getAllNewsposts (C:\Users\dima6\Desktop\gitlab\homeworks-DanIT\node-js\homework-13\backend\dist\src\dal\newsposts\newsposts.repository.js:21:18)
    at NewspostsService.getAll (C:\Users\dima6\Desktop\gitlab\homeworks-DanIT\node-js\homework-13\backend\dist\src\bll\Newsposts.service.js:21:35)
    at NewsController.getAllPosts (C:\Users\dima6\Desktop\gitlab\homeworks-DanIT\node-js\homework-13\backend\dist\src\controllers\NewsController.js:26:59)
