2023-10-06T21:27:20.595Z error: Message: User not found, Stack: Error: User not found
    at UsersRepository.getByEmail (C:\Users\dima6\Desktop\gitlab\homeworks-DanIT\node-js\homework-13\backend\dist\src\dal\users\users.repository.js:20:23)
    at process.processTicksAndRejections (node:internal/process/task_queues:95:5)
    at async AuthController.registerJWT (C:\Users\dima6\Desktop\gitlab\homeworks-DanIT\node-js\homework-13\backend\dist\src\controllers\AuthController.js:48:33)
2023-10-06T21:27:29.671Z error: Message: User not found, Stack: Error: User not found
    at UsersRepository.getByEmail (C:\Users\dima6\Desktop\gitlab\homeworks-DanIT\node-js\homework-13\backend\dist\src\dal\users\users.repository.js:20:23)
    at process.processTicksAndRejections (node:internal/process/task_queues:95:5)
    at async AuthController.registerJWT (C:\Users\dima6\Desktop\gitlab\homeworks-DanIT\node-js\homework-13\backend\dist\src\controllers\AuthController.js:48:33)
2023-10-06T21:28:52.852Z error: Message: User not found, Stack: Error: User not found
    at UsersRepository.getByEmail (C:\Users\dima6\Desktop\gitlab\homeworks-DanIT\node-js\homework-13\backend\dist\src\dal\users\users.repository.js:20:23)
    at process.processTicksAndRejections (node:internal/process/task_queues:95:5)
    at async AuthController.registerJWT (C:\Users\dima6\Desktop\gitlab\homeworks-DanIT\node-js\homework-13\backend\dist\src\controllers\AuthController.js:48:33)
2023-10-06T22:46:14.628Z error: Message: User not found, Stack: Error: User not found
    at UsersRepository.getByEmail (C:\Users\dima6\Desktop\gitlab\homeworks-DanIT\node-js\homework-13\backend\dist\src\dal\users\users.repository.js:20:23)
    at process.processTicksAndRejections (node:internal/process/task_queues:95:5)
    at async AuthController.registerJWT (C:\Users\dima6\Desktop\gitlab\homeworks-DanIT\node-js\homework-13\backend\dist\src\controllers\AuthController.js:48:33)
2023-10-06T22:46:38.695Z error: Message: User not found, Stack: Error: User not found
    at UsersRepository.getByEmail (C:\Users\dima6\Desktop\gitlab\homeworks-DanIT\node-js\homework-13\backend\dist\src\dal\users\users.repository.js:20:23)
    at process.processTicksAndRejections (node:internal/process/task_queues:95:5)
    at async AuthController.registerJWT (C:\Users\dima6\Desktop\gitlab\homeworks-DanIT\node-js\homework-13\backend\dist\src\controllers\AuthController.js:48:33)
2023-10-06T22:47:00.764Z error: Message: User not found, Stack: Error: User not found
    at UsersRepository.getByEmail (C:\Users\dima6\Desktop\gitlab\homeworks-DanIT\node-js\homework-13\backend\dist\src\dal\users\users.repository.js:20:23)
    at process.processTicksAndRejections (node:internal/process/task_queues:95:5)
    at async AuthController.registerJWT (C:\Users\dima6\Desktop\gitlab\homeworks-DanIT\node-js\homework-13\backend\dist\src\controllers\AuthController.js:48:33)
2023-10-06T22:55:22.845Z error: Message: User not found, Stack: Error: User not found
    at UsersRepository.getByEmail (C:\Users\dima6\Desktop\gitlab\homeworks-DanIT\node-js\homework-13\backend\dist\src\dal\users\users.repository.js:21:23)
    at process.processTicksAndRejections (node:internal/process/task_queues:95:5)
    at async AuthController.registerJWT (C:\Users\dima6\Desktop\gitlab\homeworks-DanIT\node-js\homework-13\backend\dist\src\controllers\AuthController.js:48:33)
2023-10-06T22:55:49.576Z error: Message: User not found, Stack: Error: User not found
    at UsersRepository.getByEmail (C:\Users\dima6\Desktop\gitlab\homeworks-DanIT\node-js\homework-13\backend\dist\src\dal\users\users.repository.js:20:23)
    at process.processTicksAndRejections (node:internal/process/task_queues:95:5)
    at async AuthController.registerJWT (C:\Users\dima6\Desktop\gitlab\homeworks-DanIT\node-js\homework-13\backend\dist\src\controllers\AuthController.js:48:33)
2023-10-06T23:28:13.711Z error: Message: User not found, Stack: Error: User not found
    at UsersRepository.getByEmail (C:\Users\dima6\Desktop\gitlab\homeworks-DanIT\node-js\homework-13\backend\dist\src\dal\users\users.repository.js:20:23)
    at process.processTicksAndRejections (node:internal/process/task_queues:95:5)
    at async AuthController.registerJWT (C:\Users\dima6\Desktop\gitlab\homeworks-DanIT\node-js\homework-13\backend\dist\src\controllers\AuthController.js:51:33)
2023-10-06T23:29:47.242Z error: Message: User not found, Stack: Error: User not found
    at UsersRepository.getByEmail (C:\Users\dima6\Desktop\gitlab\homeworks-DanIT\node-js\homework-13\backend\dist\src\dal\users\users.repository.js:20:23)
    at process.processTicksAndRejections (node:internal/process/task_queues:95:5)
    at async AuthController.registerJWT (C:\Users\dima6\Desktop\gitlab\homeworks-DanIT\node-js\homework-13\backend\dist\src\controllers\AuthController.js:51:33)
2023-10-06T23:30:33.415Z error: Message: User not found, Stack: Error: User not found
    at UsersRepository.getByEmail (C:\Users\dima6\Desktop\gitlab\homeworks-DanIT\node-js\homework-13\backend\dist\src\dal\users\users.repository.js:20:23)
    at process.processTicksAndRejections (node:internal/process/task_queues:95:5)
    at async AuthController.registerJWT (C:\Users\dima6\Desktop\gitlab\homeworks-DanIT\node-js\homework-13\backend\dist\src\controllers\AuthController.js:51:33)
2023-10-06T23:34:26.831Z error: Message: this.newsposts.getAllPostsPaged is not a function, Stack: TypeError: this.newsposts.getAllPostsPaged is not a function
    at NewspostsService.getAllPostsPaged (C:\Users\dima6\Desktop\gitlab\homeworks-DanIT\node-js\homework-13\backend\dist\src\bll\Newsposts.service.js:24:35)
    at NewsController.getAllPostsQuery (C:\Users\dima6\Desktop\gitlab\homeworks-DanIT\node-js\homework-13\backend\dist\src\controllers\NewsController.js:42:59)
    at Layer.handle [as handle_request] (C:\Users\dima6\Desktop\gitlab\homeworks-DanIT\node-js\homework-13\backend\node_modules\express\lib\router\layer.js:95:5)
    at next (C:\Users\dima6\Desktop\gitlab\homeworks-DanIT\node-js\homework-13\backend\node_modules\express\lib\router\route.js:144:13)
    at Immediate._onImmediate (C:\Users\dima6\Desktop\gitlab\homeworks-DanIT\node-js\homework-13\backend\dist\src\middleware\passportMiddleware.js:27:17)
    at process.processImmediate (node:internal/timers:476:21)
2023-10-06T23:40:02.411Z error: Message: Cannot read properties of undefined (reading 'user_id'), Stack: TypeError: Cannot read properties of undefined (reading 'user_id')
    at NewsController.createPost (C:\Users\dima6\Desktop\gitlab\homeworks-DanIT\node-js\homework-13\backend\dist\src\controllers\NewsController.js:65:186)
    at Layer.handle [as handle_request] (C:\Users\dima6\Desktop\gitlab\homeworks-DanIT\node-js\homework-13\backend\node_modules\express\lib\router\layer.js:95:5)
    at next (C:\Users\dima6\Desktop\gitlab\homeworks-DanIT\node-js\homework-13\backend\node_modules\express\lib\router\route.js:144:13)
    at Immediate._onImmediate (C:\Users\dima6\Desktop\gitlab\homeworks-DanIT\node-js\homework-13\backend\dist\src\middleware\passportMiddleware.js:27:17)
    at process.processImmediate (node:internal/timers:476:21)
2023-10-06T23:40:14.823Z error: Message: Cannot read properties of undefined (reading 'user'), Stack: TypeError: Cannot read properties of undefined (reading 'user')
    at NewsController.createPost (C:\Users\dima6\Desktop\gitlab\homeworks-DanIT\node-js\homework-13\backend\dist\src\controllers\NewsController.js:65:186)
    at Layer.handle [as handle_request] (C:\Users\dima6\Desktop\gitlab\homeworks-DanIT\node-js\homework-13\backend\node_modules\express\lib\router\layer.js:95:5)
    at next (C:\Users\dima6\Desktop\gitlab\homeworks-DanIT\node-js\homework-13\backend\node_modules\express\lib\router\route.js:144:13)
    at Immediate._onImmediate (C:\Users\dima6\Desktop\gitlab\homeworks-DanIT\node-js\homework-13\backend\dist\src\middleware\passportMiddleware.js:27:17)
    at process.processImmediate (node:internal/timers:476:21)
2023-10-06T23:40:25.091Z error: Message: Cannot read properties of undefined (reading 'id'), Stack: TypeError: Cannot read properties of undefined (reading 'id')
    at NewsController.createPost (C:\Users\dima6\Desktop\gitlab\homeworks-DanIT\node-js\homework-13\backend\dist\src\controllers\NewsController.js:65:186)
    at Layer.handle [as handle_request] (C:\Users\dima6\Desktop\gitlab\homeworks-DanIT\node-js\homework-13\backend\node_modules\express\lib\router\layer.js:95:5)
    at next (C:\Users\dima6\Desktop\gitlab\homeworks-DanIT\node-js\homework-13\backend\node_modules\express\lib\router\route.js:144:13)
    at Immediate._onImmediate (C:\Users\dima6\Desktop\gitlab\homeworks-DanIT\node-js\homework-13\backend\dist\src\middleware\passportMiddleware.js:27:17)
    at process.processImmediate (node:internal/timers:476:21)
2023-10-06T23:42:06.149Z error: Message: null значення в стовпці "title" відношення "newspost" порушує not-null обмеження, Stack: QueryFailedError: null значення в стовпці "title" відношення "newspost" порушує not-null обмеження
    at PostgresQueryRunner.query (C:\Users\dima6\Desktop\gitlab\homeworks-DanIT\node-js\homework-13\backend\node_modules\typeorm\driver\postgres\PostgresQueryRunner.js:211:19)
    at process.processTicksAndRejections (node:internal/process/task_queues:95:5)
    at async InsertQueryBuilder.execute (C:\Users\dima6\Desktop\gitlab\homeworks-DanIT\node-js\homework-13\backend\node_modules\typeorm\query-builder\InsertQueryBuilder.js:106:33)
    at async NewspostsRepository.createNewspost (C:\Users\dima6\Desktop\gitlab\homeworks-DanIT\node-js\homework-13\backend\dist\src\dal\newsposts\newsposts.repository.js:28:30)
    at async NewsController.createPost (C:\Users\dima6\Desktop\gitlab\homeworks-DanIT\node-js\homework-13\backend\dist\src\controllers\NewsController.js:65:34)
2023-10-07T09:51:49.874Z error: Message: this.newsposts.createNewspost is not a function, Stack: TypeError: this.newsposts.createNewspost is not a function
    at NewspostsService.create (C:\Users\dima6\Desktop\gitlab\homeworks-DanIT\node-js\homework-13\backend\dist\src\bll\Newsposts.service.js:29:35)
    at NewsController.createPost (C:\Users\dima6\Desktop\gitlab\homeworks-DanIT\node-js\homework-13\backend\dist\src\controllers\NewsController.js:65:62)
    at Layer.handle [as handle_request] (C:\Users\dima6\Desktop\gitlab\homeworks-DanIT\node-js\homework-13\backend\node_modules\express\lib\router\layer.js:95:5)
    at next (C:\Users\dima6\Desktop\gitlab\homeworks-DanIT\node-js\homework-13\backend\node_modules\express\lib\router\route.js:144:13)
    at Immediate._onImmediate (C:\Users\dima6\Desktop\gitlab\homeworks-DanIT\node-js\homework-13\backend\dist\src\middleware\passportMiddleware.js:27:17)
    at process.processImmediate (node:internal/timers:476:21)
2023-10-07T09:52:02.028Z error: Message: this.newsposts.createNewspost is not a function, Stack: TypeError: this.newsposts.createNewspost is not a function
    at NewspostsService.create (C:\Users\dima6\Desktop\gitlab\homeworks-DanIT\node-js\homework-13\backend\dist\src\bll\Newsposts.service.js:29:35)
    at NewsController.createPost (C:\Users\dima6\Desktop\gitlab\homeworks-DanIT\node-js\homework-13\backend\dist\src\controllers\NewsController.js:65:62)
    at Layer.handle [as handle_request] (C:\Users\dima6\Desktop\gitlab\homeworks-DanIT\node-js\homework-13\backend\node_modules\express\lib\router\layer.js:95:5)
    at next (C:\Users\dima6\Desktop\gitlab\homeworks-DanIT\node-js\homework-13\backend\node_modules\express\lib\router\route.js:144:13)
    at Immediate._onImmediate (C:\Users\dima6\Desktop\gitlab\homeworks-DanIT\node-js\homework-13\backend\dist\src\middleware\passportMiddleware.js:27:17)
    at process.processImmediate (node:internal/timers:476:21)
2023-10-07T09:55:32.317Z error: Message: Converting circular structure to JSON
    --> starting at object with constructor 'Socket'
    |     property 'parser' -> object with constructor 'HTTPParser'
    --- property 'socket' closes the circle, Stack: TypeError: Converting circular structure to JSON
    --> starting at object with constructor 'Socket'
    |     property 'parser' -> object with constructor 'HTTPParser'
    --- property 'socket' closes the circle
    at JSON.stringify (<anonymous>)
    at stringify (C:\Users\dima6\Desktop\gitlab\homeworks-DanIT\node-js\homework-13\backend\node_modules\express\lib\response.js:1150:12)
    at ServerResponse.json (C:\Users\dima6\Desktop\gitlab\homeworks-DanIT\node-js\homework-13\backend\node_modules\express\lib\response.js:271:14)
    at ServerResponse.send (C:\Users\dima6\Desktop\gitlab\homeworks-DanIT\node-js\homework-13\backend\node_modules\express\lib\response.js:162:21)
    at NewsController.getAllPosts (C:\Users\dima6\Desktop\gitlab\homeworks-DanIT\node-js\homework-13\backend\dist\src\controllers\NewsController.js:30:21)
    at process.processTicksAndRejections (node:internal/process/task_queues:95:5)
2023-10-07T10:01:45.773Z error: Message: request is not defined, Stack: ReferenceError: request is not defined
    at NewsController.createPost (C:\Users\dima6\Desktop\gitlab\homeworks-DanIT\node-js\homework-13\backend\dist\src\controllers\NewsController.js:65:150)
    at Layer.handle [as handle_request] (C:\Users\dima6\Desktop\gitlab\homeworks-DanIT\node-js\homework-13\backend\node_modules\express\lib\router\layer.js:95:5)
    at next (C:\Users\dima6\Desktop\gitlab\homeworks-DanIT\node-js\homework-13\backend\node_modules\express\lib\router\route.js:144:13)
    at Immediate._onImmediate (C:\Users\dima6\Desktop\gitlab\homeworks-DanIT\node-js\homework-13\backend\dist\src\middleware\passportMiddleware.js:27:17)
    at process.processImmediate (node:internal/timers:476:21)
2023-10-07T10:08:07.177Z error: Message: Found non-callable @@iterator, Stack: TypeError: Found non-callable @@iterator
    at NewsController.createPost (C:\Users\dima6\Desktop\gitlab\homeworks-DanIT\node-js\homework-13\backend\dist\src\controllers\NewsController.js:61:25)
    at Layer.handle [as handle_request] (C:\Users\dima6\Desktop\gitlab\homeworks-DanIT\node-js\homework-13\backend\node_modules\express\lib\router\layer.js:95:5)
    at next (C:\Users\dima6\Desktop\gitlab\homeworks-DanIT\node-js\homework-13\backend\node_modules\express\lib\router\route.js:144:13)
    at Immediate._onImmediate (C:\Users\dima6\Desktop\gitlab\homeworks-DanIT\node-js\homework-13\backend\dist\src\middleware\passportMiddleware.js:27:17)
    at process.processImmediate (node:internal/timers:476:21)
2023-10-07T10:08:11.309Z error: Message: Found non-callable @@iterator, Stack: TypeError: Found non-callable @@iterator
    at NewsController.createPost (C:\Users\dima6\Desktop\gitlab\homeworks-DanIT\node-js\homework-13\backend\dist\src\controllers\NewsController.js:61:25)
    at Layer.handle [as handle_request] (C:\Users\dima6\Desktop\gitlab\homeworks-DanIT\node-js\homework-13\backend\node_modules\express\lib\router\layer.js:95:5)
    at next (C:\Users\dima6\Desktop\gitlab\homeworks-DanIT\node-js\homework-13\backend\node_modules\express\lib\router\route.js:144:13)
    at Immediate._onImmediate (C:\Users\dima6\Desktop\gitlab\homeworks-DanIT\node-js\homework-13\backend\dist\src\middleware\passportMiddleware.js:27:17)
    at process.processImmediate (node:internal/timers:476:21)
2023-10-07T10:08:26.095Z error: Message: object is not iterable (cannot read property Symbol(Symbol.iterator)), Stack: TypeError: object is not iterable (cannot read property Symbol(Symbol.iterator))
    at NewsController.createPost (C:\Users\dima6\Desktop\gitlab\homeworks-DanIT\node-js\homework-13\backend\dist\src\controllers\NewsController.js:61:35)
    at Layer.handle [as handle_request] (C:\Users\dima6\Desktop\gitlab\homeworks-DanIT\node-js\homework-13\backend\node_modules\express\lib\router\layer.js:95:5)
    at next (C:\Users\dima6\Desktop\gitlab\homeworks-DanIT\node-js\homework-13\backend\node_modules\express\lib\router\route.js:144:13)
    at Immediate._onImmediate (C:\Users\dima6\Desktop\gitlab\homeworks-DanIT\node-js\homework-13\backend\dist\src\middleware\passportMiddleware.js:27:17)
    at process.processImmediate (node:internal/timers:476:21)
2023-10-07T10:08:38.709Z error: Message: Found non-callable @@iterator, Stack: TypeError: Found non-callable @@iterator
    at NewsController.createPost (C:\Users\dima6\Desktop\gitlab\homeworks-DanIT\node-js\homework-13\backend\dist\src\controllers\NewsController.js:61:25)
    at Layer.handle [as handle_request] (C:\Users\dima6\Desktop\gitlab\homeworks-DanIT\node-js\homework-13\backend\node_modules\express\lib\router\layer.js:95:5)
    at next (C:\Users\dima6\Desktop\gitlab\homeworks-DanIT\node-js\homework-13\backend\node_modules\express\lib\router\route.js:144:13)
    at Immediate._onImmediate (C:\Users\dima6\Desktop\gitlab\homeworks-DanIT\node-js\homework-13\backend\dist\src\middleware\passportMiddleware.js:27:17)
    at process.processImmediate (node:internal/timers:476:21)
2023-10-07T10:10:23.746Z error: Message: object is not iterable (cannot read property Symbol(Symbol.iterator)), Stack: TypeError: object is not iterable (cannot read property Symbol(Symbol.iterator))
    at NewsController.createPost (C:\Users\dima6\Desktop\gitlab\homeworks-DanIT\node-js\homework-13\backend\dist\src\controllers\NewsController.js:61:32)
    at Layer.handle [as handle_request] (C:\Users\dima6\Desktop\gitlab\homeworks-DanIT\node-js\homework-13\backend\node_modules\express\lib\router\layer.js:95:5)
    at next (C:\Users\dima6\Desktop\gitlab\homeworks-DanIT\node-js\homework-13\backend\node_modules\express\lib\router\route.js:144:13)
    at Immediate._onImmediate (C:\Users\dima6\Desktop\gitlab\homeworks-DanIT\node-js\homework-13\backend\dist\src\middleware\passportMiddleware.js:27:17)
    at process.processImmediate (node:internal/timers:476:21)
2023-10-07T10:12:15.165Z error: Message: object is not iterable (cannot read property Symbol(Symbol.iterator)), Stack: TypeError: object is not iterable (cannot read property Symbol(Symbol.iterator))
    at NewsController.createPost (C:\Users\dima6\Desktop\gitlab\homeworks-DanIT\node-js\homework-13\backend\dist\src\controllers\NewsController.js:61:32)
    at Layer.handle [as handle_request] (C:\Users\dima6\Desktop\gitlab\homeworks-DanIT\node-js\homework-13\backend\node_modules\express\lib\router\layer.js:95:5)
    at next (C:\Users\dima6\Desktop\gitlab\homeworks-DanIT\node-js\homework-13\backend\node_modules\express\lib\router\route.js:144:13)
    at Immediate._onImmediate (C:\Users\dima6\Desktop\gitlab\homeworks-DanIT\node-js\homework-13\backend\dist\src\middleware\passportMiddleware.js:27:17)
    at process.processImmediate (node:internal/timers:476:21)
2023-10-07T10:12:18.336Z error: Message: object is not iterable (cannot read property Symbol(Symbol.iterator)), Stack: TypeError: object is not iterable (cannot read property Symbol(Symbol.iterator))
    at NewsController.createPost (C:\Users\dima6\Desktop\gitlab\homeworks-DanIT\node-js\homework-13\backend\dist\src\controllers\NewsController.js:61:32)
    at Layer.handle [as handle_request] (C:\Users\dima6\Desktop\gitlab\homeworks-DanIT\node-js\homework-13\backend\node_modules\express\lib\router\layer.js:95:5)
    at next (C:\Users\dima6\Desktop\gitlab\homeworks-DanIT\node-js\homework-13\backend\node_modules\express\lib\router\route.js:144:13)
    at Immediate._onImmediate (C:\Users\dima6\Desktop\gitlab\homeworks-DanIT\node-js\homework-13\backend\dist\src\middleware\passportMiddleware.js:27:17)
    at process.processImmediate (node:internal/timers:476:21)
2023-10-07T10:52:24.786Z error: Message: Found non-callable @@iterator, Stack: TypeError: Found non-callable @@iterator
    at NewsController.createPost (C:\Users\dima6\Desktop\gitlab\homeworks-DanIT\node-js\homework-13\backend\dist\src\controllers\NewsController.js:61:25)
    at Layer.handle [as handle_request] (C:\Users\dima6\Desktop\gitlab\homeworks-DanIT\node-js\homework-13\backend\node_modules\express\lib\router\layer.js:95:5)
    at next (C:\Users\dima6\Desktop\gitlab\homeworks-DanIT\node-js\homework-13\backend\node_modules\express\lib\router\route.js:144:13)
    at Immediate._onImmediate (C:\Users\dima6\Desktop\gitlab\homeworks-DanIT\node-js\homework-13\backend\dist\src\middleware\passportMiddleware.js:27:17)
    at process.processImmediate (node:internal/timers:476:21)
2023-10-07T10:59:39.397Z error: Message: Converting circular structure to JSON
    --> starting at object with constructor 'EntityMetadata'
    |     property 'ownColumns' -> object with constructor 'Array'
    |     index 0 -> object with constructor 'ColumnMetadata'
    --- property 'entityMetadata' closes the circle, Stack: TypeError: Converting circular structure to JSON
    --> starting at object with constructor 'EntityMetadata'
    |     property 'ownColumns' -> object with constructor 'Array'
    |     index 0 -> object with constructor 'ColumnMetadata'
    --- property 'entityMetadata' closes the circle
    at JSON.stringify (<anonymous>)
    at stringify (C:\Users\dima6\Desktop\gitlab\homeworks-DanIT\node-js\homework-13\backend\node_modules\express\lib\response.js:1150:12)
    at ServerResponse.json (C:\Users\dima6\Desktop\gitlab\homeworks-DanIT\node-js\homework-13\backend\node_modules\express\lib\response.js:271:14)
    at ServerResponse.send (C:\Users\dima6\Desktop\gitlab\homeworks-DanIT\node-js\homework-13\backend\node_modules\express\lib\response.js:162:21)
    at NewsController.createPost (C:\Users\dima6\Desktop\gitlab\homeworks-DanIT\node-js\homework-13\backend\dist\src\controllers\NewsController.js:68:21)
    at process.processTicksAndRejections (node:internal/process/task_queues:95:5)
2023-10-07T11:33:43.537Z error: Message: this.newsposts.getAllNewsposts is not a function, Stack: TypeError: this.newsposts.getAllNewsposts is not a function
    at NewspostsService.getAll (C:\Users\dima6\Desktop\gitlab\homeworks-DanIT\node-js\homework-13\backend\dist\src\bll\Newsposts.service.js:21:35)
    at NewsController.getAllPosts (C:\Users\dima6\Desktop\gitlab\homeworks-DanIT\node-js\homework-13\backend\dist\src\controllers\NewsController.js:29:59)
    at Layer.handle [as handle_request] (C:\Users\dima6\Desktop\gitlab\homeworks-DanIT\node-js\homework-13\backend\node_modules\express\lib\router\layer.js:95:5)
    at next (C:\Users\dima6\Desktop\gitlab\homeworks-DanIT\node-js\homework-13\backend\node_modules\express\lib\router\route.js:144:13)
    at Immediate._onImmediate (C:\Users\dima6\Desktop\gitlab\homeworks-DanIT\node-js\homework-13\backend\dist\src\middleware\passportMiddleware.js:27:17)
    at process.processImmediate (node:internal/timers:476:21)
2023-10-07T11:35:27.707Z error: Message: OFFSET повинен бути не негативним, Stack: QueryFailedError: OFFSET повинен бути не негативним
    at PostgresQueryRunner.query (C:\Users\dima6\Desktop\gitlab\homeworks-DanIT\node-js\homework-13\backend\node_modules\typeorm\driver\postgres\PostgresQueryRunner.js:211:19)
    at process.processTicksAndRejections (node:internal/process/task_queues:95:5)
    at async SelectQueryBuilder.loadRawResults (C:\Users\dima6\Desktop\gitlab\homeworks-DanIT\node-js\homework-13\backend\node_modules\typeorm\query-builder\SelectQueryBuilder.js:2183:25)
    at async SelectQueryBuilder.getRawMany (C:\Users\dima6\Desktop\gitlab\homeworks-DanIT\node-js\homework-13\backend\node_modules\typeorm\query-builder\SelectQueryBuilder.js:646:29)
    at async SelectQueryBuilder.executeEntitiesAndRawResults (C:\Users\dima6\Desktop\gitlab\homeworks-DanIT\node-js\homework-13\backend\node_modules\typeorm\query-builder\SelectQueryBuilder.js:1973:26)
    at async SelectQueryBuilder.getRawAndEntities (C:\Users\dima6\Desktop\gitlab\homeworks-DanIT\node-js\homework-13\backend\node_modules\typeorm\query-builder\SelectQueryBuilder.js:684:29)
    at async SelectQueryBuilder.getMany (C:\Users\dima6\Desktop\gitlab\homeworks-DanIT\node-js\homework-13\backend\node_modules\typeorm\query-builder\SelectQueryBuilder.js:750:25)
    at async NewspostsRepository.getAllNewspostsPaged (C:\Users\dima6\Desktop\gitlab\homeworks-DanIT\node-js\homework-13\backend\dist\src\dal\newsposts\newsposts.repository.js:22:34)
    at async NewsController.getAllPostsQuery (C:\Users\dima6\Desktop\gitlab\homeworks-DanIT\node-js\homework-13\backend\dist\src\controllers\NewsController.js:42:31)
2023-10-07T11:54:40.759Z error: Message: таблиця "newsposts" відсутня в реченні FROM, Stack: QueryFailedError: таблиця "newsposts" відсутня в реченні FROM
    at PostgresQueryRunner.query (C:\Users\dima6\Desktop\gitlab\homeworks-DanIT\node-js\homework-13\backend\node_modules\typeorm\driver\postgres\PostgresQueryRunner.js:211:19)
    at process.processTicksAndRejections (node:internal/process/task_queues:95:5)
    at async UpdateQueryBuilder.execute (C:\Users\dima6\Desktop\gitlab\homeworks-DanIT\node-js\homework-13\backend\node_modules\typeorm\query-builder\UpdateQueryBuilder.js:83:33)
    at async NewsController.updatePost (C:\Users\dima6\Desktop\gitlab\homeworks-DanIT\node-js\homework-13\backend\dist\src\controllers\NewsController.js:70:37)
2023-10-07T11:55:42.381Z error: Message: таблиця "newsposts" відсутня в реченні FROM, Stack: QueryFailedError: таблиця "newsposts" відсутня в реченні FROM
    at PostgresQueryRunner.query (C:\Users\dima6\Desktop\gitlab\homeworks-DanIT\node-js\homework-13\backend\node_modules\typeorm\driver\postgres\PostgresQueryRunner.js:211:19)
    at process.processTicksAndRejections (node:internal/process/task_queues:95:5)
    at async UpdateQueryBuilder.execute (C:\Users\dima6\Desktop\gitlab\homeworks-DanIT\node-js\homework-13\backend\node_modules\typeorm\query-builder\UpdateQueryBuilder.js:83:33)
    at async NewsController.updatePost (C:\Users\dima6\Desktop\gitlab\homeworks-DanIT\node-js\homework-13\backend\dist\src\controllers\NewsController.js:70:37)
2023-10-07T11:56:20.487Z error: Message: таблиця "newsposts" відсутня в реченні FROM, Stack: QueryFailedError: таблиця "newsposts" відсутня в реченні FROM
    at PostgresQueryRunner.query (C:\Users\dima6\Desktop\gitlab\homeworks-DanIT\node-js\homework-13\backend\node_modules\typeorm\driver\postgres\PostgresQueryRunner.js:211:19)
    at process.processTicksAndRejections (node:internal/process/task_queues:95:5)
    at async UpdateQueryBuilder.execute (C:\Users\dima6\Desktop\gitlab\homeworks-DanIT\node-js\homework-13\backend\node_modules\typeorm\query-builder\UpdateQueryBuilder.js:83:33)
    at async NewsController.updatePost (C:\Users\dima6\Desktop\gitlab\homeworks-DanIT\node-js\homework-13\backend\dist\src\controllers\NewsController.js:70:41)
2023-10-07T11:56:34.148Z error: Message: таблиця "newsposts" відсутня в реченні FROM, Stack: QueryFailedError: таблиця "newsposts" відсутня в реченні FROM
    at PostgresQueryRunner.query (C:\Users\dima6\Desktop\gitlab\homeworks-DanIT\node-js\homework-13\backend\node_modules\typeorm\driver\postgres\PostgresQueryRunner.js:211:19)
    at process.processTicksAndRejections (node:internal/process/task_queues:95:5)
    at async UpdateQueryBuilder.execute (C:\Users\dima6\Desktop\gitlab\homeworks-DanIT\node-js\homework-13\backend\node_modules\typeorm\query-builder\UpdateQueryBuilder.js:83:33)
    at async NewsController.updatePost (C:\Users\dima6\Desktop\gitlab\homeworks-DanIT\node-js\homework-13\backend\dist\src\controllers\NewsController.js:71:41)
2023-10-07T11:57:01.718Z error: Message: таблиця "newsposts" відсутня в реченні FROM, Stack: QueryFailedError: таблиця "newsposts" відсутня в реченні FROM
    at PostgresQueryRunner.query (C:\Users\dima6\Desktop\gitlab\homeworks-DanIT\node-js\homework-13\backend\node_modules\typeorm\driver\postgres\PostgresQueryRunner.js:211:19)
    at process.processTicksAndRejections (node:internal/process/task_queues:95:5)
    at async UpdateQueryBuilder.execute (C:\Users\dima6\Desktop\gitlab\homeworks-DanIT\node-js\homework-13\backend\node_modules\typeorm\query-builder\UpdateQueryBuilder.js:83:33)
    at async NewsController.updatePost (C:\Users\dima6\Desktop\gitlab\homeworks-DanIT\node-js\homework-13\backend\dist\src\controllers\NewsController.js:71:41)
2023-10-07T11:57:55.347Z error: Message: в елементі речення FROM неприпустиме посилання на таблицю "newspost", Stack: QueryFailedError: в елементі речення FROM неприпустиме посилання на таблицю "newspost"
    at PostgresQueryRunner.query (C:\Users\dima6\Desktop\gitlab\homeworks-DanIT\node-js\homework-13\backend\node_modules\typeorm\driver\postgres\PostgresQueryRunner.js:211:19)
    at process.processTicksAndRejections (node:internal/process/task_queues:95:5)
    at async SelectQueryBuilder.loadRawResults (C:\Users\dima6\Desktop\gitlab\homeworks-DanIT\node-js\homework-13\backend\node_modules\typeorm\query-builder\SelectQueryBuilder.js:2183:25)
    at async SelectQueryBuilder.executeEntitiesAndRawResults (C:\Users\dima6\Desktop\gitlab\homeworks-DanIT\node-js\homework-13\backend\node_modules\typeorm\query-builder\SelectQueryBuilder.js:2034:26)
    at async SelectQueryBuilder.getRawAndEntities (C:\Users\dima6\Desktop\gitlab\homeworks-DanIT\node-js\homework-13\backend\node_modules\typeorm\query-builder\SelectQueryBuilder.js:684:29)
    at async SelectQueryBuilder.getOne (C:\Users\dima6\Desktop\gitlab\homeworks-DanIT\node-js\homework-13\backend\node_modules\typeorm\query-builder\SelectQueryBuilder.js:711:25)
    at async NewsController.getPostById (C:\Users\dima6\Desktop\gitlab\homeworks-DanIT\node-js\homework-13\backend\dist\src\controllers\NewsController.js:42:30)
2023-10-07T11:58:24.552Z error: Message: в елементі речення FROM неприпустиме посилання на таблицю "newspost", Stack: QueryFailedError: в елементі речення FROM неприпустиме посилання на таблицю "newspost"
    at PostgresQueryRunner.query (C:\Users\dima6\Desktop\gitlab\homeworks-DanIT\node-js\homework-13\backend\node_modules\typeorm\driver\postgres\PostgresQueryRunner.js:211:19)
    at process.processTicksAndRejections (node:internal/process/task_queues:95:5)
    at async SelectQueryBuilder.loadRawResults (C:\Users\dima6\Desktop\gitlab\homeworks-DanIT\node-js\homework-13\backend\node_modules\typeorm\query-builder\SelectQueryBuilder.js:2183:25)
    at async SelectQueryBuilder.executeEntitiesAndRawResults (C:\Users\dima6\Desktop\gitlab\homeworks-DanIT\node-js\homework-13\backend\node_modules\typeorm\query-builder\SelectQueryBuilder.js:2034:26)
    at async SelectQueryBuilder.getRawAndEntities (C:\Users\dima6\Desktop\gitlab\homeworks-DanIT\node-js\homework-13\backend\node_modules\typeorm\query-builder\SelectQueryBuilder.js:684:29)
    at async SelectQueryBuilder.getOne (C:\Users\dima6\Desktop\gitlab\homeworks-DanIT\node-js\homework-13\backend\node_modules\typeorm\query-builder\SelectQueryBuilder.js:711:25)
    at async NewsController.getPostById (C:\Users\dima6\Desktop\gitlab\homeworks-DanIT\node-js\homework-13\backend\dist\src\controllers\NewsController.js:42:30)
2023-10-07T12:00:14.921Z error: Message: Invalid status code: 1, Stack: RangeError [ERR_HTTP_INVALID_STATUS_CODE]: Invalid status code: 1
    at new NodeError (node:internal/errors:399:5)
    at ServerResponse.writeHead (node:_http_server:344:11)
    at ServerResponse.writeHead (C:\Users\dima6\Desktop\gitlab\homeworks-DanIT\node-js\homework-13\backend\node_modules\on-headers\index.js:44:26)
    at ServerResponse._implicitHeader (node:_http_server:335:8)
    at ServerResponse.end (node:_http_outgoing:1035:10)
    at ServerResponse.end (C:\Users\dima6\Desktop\gitlab\homeworks-DanIT\node-js\homework-13\backend\node_modules\express-session\index.js:359:19)
    at ServerResponse.send (C:\Users\dima6\Desktop\gitlab\homeworks-DanIT\node-js\homework-13\backend\node_modules\express\lib\response.js:232:10)
    at NewsController.updatePost (C:\Users\dima6\Desktop\gitlab\homeworks-DanIT\node-js\homework-13\backend\dist\src\controllers\NewsController.js:73:21)
    at process.processTicksAndRejections (node:internal/process/task_queues:95:5)
2023-10-07T12:03:28.580Z error: Message: Converting circular structure to JSON
    --> starting at object with constructor 'EntityMetadata'
    |     property 'ownColumns' -> object with constructor 'Array'
    |     index 0 -> object with constructor 'ColumnMetadata'
    --- property 'entityMetadata' closes the circle, Stack: TypeError: Converting circular structure to JSON
    --> starting at object with constructor 'EntityMetadata'
    |     property 'ownColumns' -> object with constructor 'Array'
    |     index 0 -> object with constructor 'ColumnMetadata'
    --- property 'entityMetadata' closes the circle
    at JSON.stringify (<anonymous>)
    at stringify (C:\Users\dima6\Desktop\gitlab\homeworks-DanIT\node-js\homework-13\backend\node_modules\express\lib\response.js:1150:12)
    at ServerResponse.json (C:\Users\dima6\Desktop\gitlab\homeworks-DanIT\node-js\homework-13\backend\node_modules\express\lib\response.js:271:14)
    at ServerResponse.send (C:\Users\dima6\Desktop\gitlab\homeworks-DanIT\node-js\homework-13\backend\node_modules\express\lib\response.js:162:21)
    at NewsController.updatePost (C:\Users\dima6\Desktop\gitlab\homeworks-DanIT\node-js\homework-13\backend\dist\src\controllers\NewsController.js:73:21)
    at process.processTicksAndRejections (node:internal/process/task_queues:95:5)
2023-10-07T12:32:19.735Z error: Message: OFFSET повинен бути не негативним, Stack: QueryFailedError: OFFSET повинен бути не негативним
    at PostgresQueryRunner.query (C:\Users\dima6\Desktop\gitlab\homeworks-DanIT\node-js\homework-13\backend\node_modules\typeorm\driver\postgres\PostgresQueryRunner.js:211:19)
    at process.processTicksAndRejections (node:internal/process/task_queues:95:5)
    at async SelectQueryBuilder.loadRawResults (C:\Users\dima6\Desktop\gitlab\homeworks-DanIT\node-js\homework-13\backend\node_modules\typeorm\query-builder\SelectQueryBuilder.js:2183:25)
    at async SelectQueryBuilder.getRawMany (C:\Users\dima6\Desktop\gitlab\homeworks-DanIT\node-js\homework-13\backend\node_modules\typeorm\query-builder\SelectQueryBuilder.js:646:29)
    at async SelectQueryBuilder.executeEntitiesAndRawResults (C:\Users\dima6\Desktop\gitlab\homeworks-DanIT\node-js\homework-13\backend\node_modules\typeorm\query-builder\SelectQueryBuilder.js:1973:26)
    at async SelectQueryBuilder.getRawAndEntities (C:\Users\dima6\Desktop\gitlab\homeworks-DanIT\node-js\homework-13\backend\node_modules\typeorm\query-builder\SelectQueryBuilder.js:684:29)
    at async SelectQueryBuilder.getMany (C:\Users\dima6\Desktop\gitlab\homeworks-DanIT\node-js\homework-13\backend\node_modules\typeorm\query-builder\SelectQueryBuilder.js:750:25)
    at async NewspostsRepository.getAllNewspostsPaged (C:\Users\dima6\Desktop\gitlab\homeworks-DanIT\node-js\homework-13\backend\dist\src\dal\newsposts\newsposts.repository.js:22:34)
    at async NewsController.getAllPostsQuery (C:\Users\dima6\Desktop\gitlab\homeworks-DanIT\node-js\homework-13\backend\dist\src\controllers\NewsController.js:33:31)
2023-10-07T12:33:09.940Z error: Message: OFFSET повинен бути не негативним, Stack: QueryFailedError: OFFSET повинен бути не негативним
    at PostgresQueryRunner.query (C:\Users\dima6\Desktop\gitlab\homeworks-DanIT\node-js\homework-13\backend\node_modules\typeorm\driver\postgres\PostgresQueryRunner.js:211:19)
    at process.processTicksAndRejections (node:internal/process/task_queues:95:5)
    at async SelectQueryBuilder.loadRawResults (C:\Users\dima6\Desktop\gitlab\homeworks-DanIT\node-js\homework-13\backend\node_modules\typeorm\query-builder\SelectQueryBuilder.js:2183:25)
    at async SelectQueryBuilder.getRawMany (C:\Users\dima6\Desktop\gitlab\homeworks-DanIT\node-js\homework-13\backend\node_modules\typeorm\query-builder\SelectQueryBuilder.js:646:29)
    at async SelectQueryBuilder.executeEntitiesAndRawResults (C:\Users\dima6\Desktop\gitlab\homeworks-DanIT\node-js\homework-13\backend\node_modules\typeorm\query-builder\SelectQueryBuilder.js:1973:26)
    at async SelectQueryBuilder.getRawAndEntities (C:\Users\dima6\Desktop\gitlab\homeworks-DanIT\node-js\homework-13\backend\node_modules\typeorm\query-builder\SelectQueryBuilder.js:684:29)
    at async SelectQueryBuilder.getMany (C:\Users\dima6\Desktop\gitlab\homeworks-DanIT\node-js\homework-13\backend\node_modules\typeorm\query-builder\SelectQueryBuilder.js:750:25)
    at async NewspostsRepository.getAllNewspostsPaged (C:\Users\dima6\Desktop\gitlab\homeworks-DanIT\node-js\homework-13\backend\dist\src\dal\newsposts\newsposts.repository.js:22:34)
    at async NewsController.getAllPostsQuery (C:\Users\dima6\Desktop\gitlab\homeworks-DanIT\node-js\homework-13\backend\dist\src\controllers\NewsController.js:33:31)
2023-10-07T13:11:54.567Z error: Message: Cannot read properties of undefined (reading 'user_id'), Stack: TypeError: Cannot read properties of undefined (reading 'user_id')
    at NewsController.createPost (C:\Users\dima6\Desktop\gitlab\homeworks-DanIT\node-js\homework-13\backend\dist\src\controllers\NewsController.js:56:180)
    at Layer.handle [as handle_request] (C:\Users\dima6\Desktop\gitlab\homeworks-DanIT\node-js\homework-13\backend\node_modules\express\lib\router\layer.js:95:5)
    at next (C:\Users\dima6\Desktop\gitlab\homeworks-DanIT\node-js\homework-13\backend\node_modules\express\lib\router\route.js:144:13)
    at Immediate._onImmediate (C:\Users\dima6\Desktop\gitlab\homeworks-DanIT\node-js\homework-13\backend\dist\src\middleware\passportMiddleware.js:27:17)
    at process.processImmediate (node:internal/timers:476:21)
2023-10-07T13:13:31.401Z error: Message: Cannot perform update query because update values are not defined. Call "qb.set(...)" method to specify updated values., Stack: UpdateValuesMissingError: Cannot perform update query because update values are not defined. Call "qb.set(...)" method to specify updated values.
    at UpdateQueryBuilder.createUpdateExpression (C:\Users\dima6\Desktop\gitlab\homeworks-DanIT\node-js\homework-13\backend\node_modules\typeorm\query-builder\UpdateQueryBuilder.js:430:19)
    at UpdateQueryBuilder.getQuery (C:\Users\dima6\Desktop\gitlab\homeworks-DanIT\node-js\homework-13\backend\node_modules\typeorm\query-builder\UpdateQueryBuilder.js:34:21)
    at UpdateQueryBuilder.getQueryAndParameters (C:\Users\dima6\Desktop\gitlab\homeworks-DanIT\node-js\homework-13\backend\node_modules\typeorm\query-builder\QueryBuilder.js:274:28)
    at UpdateQueryBuilder.execute (C:\Users\dima6\Desktop\gitlab\homeworks-DanIT\node-js\homework-13\backend\node_modules\typeorm\query-builder\UpdateQueryBuilder.js:81:50)
    at updateSubject (C:\Users\dima6\Desktop\gitlab\homeworks-DanIT\node-js\homework-13\backend\node_modules\typeorm\persistence\SubjectExecutor.js:380:63)
    at Array.map (<anonymous>)
    at SubjectExecutor.executeUpdateOperations (C:\Users\dima6\Desktop\gitlab\homeworks-DanIT\node-js\homework-13\backend\node_modules\typeorm\persistence\SubjectExecutor.js:423:34)
    at SubjectExecutor.execute (C:\Users\dima6\Desktop\gitlab\homeworks-DanIT\node-js\homework-13\backend\node_modules\typeorm\persistence\SubjectExecutor.js:99:20)
    at process.processTicksAndRejections (node:internal/process/task_queues:95:5)
    at async EntityPersistExecutor.execute (C:\Users\dima6\Desktop\gitlab\homeworks-DanIT\node-js\homework-13\backend\node_modules\typeorm\persistence\EntityPersistExecutor.js:140:21)
2023-10-07T13:14:44.634Z error: Message: Cannot perform update query because update values are not defined. Call "qb.set(...)" method to specify updated values., Stack: UpdateValuesMissingError: Cannot perform update query because update values are not defined. Call "qb.set(...)" method to specify updated values.
    at UpdateQueryBuilder.createUpdateExpression (C:\Users\dima6\Desktop\gitlab\homeworks-DanIT\node-js\homework-13\backend\node_modules\typeorm\query-builder\UpdateQueryBuilder.js:430:19)
    at UpdateQueryBuilder.getQuery (C:\Users\dima6\Desktop\gitlab\homeworks-DanIT\node-js\homework-13\backend\node_modules\typeorm\query-builder\UpdateQueryBuilder.js:34:21)
    at UpdateQueryBuilder.getQueryAndParameters (C:\Users\dima6\Desktop\gitlab\homeworks-DanIT\node-js\homework-13\backend\node_modules\typeorm\query-builder\QueryBuilder.js:274:28)
    at UpdateQueryBuilder.execute (C:\Users\dima6\Desktop\gitlab\homeworks-DanIT\node-js\homework-13\backend\node_modules\typeorm\query-builder\UpdateQueryBuilder.js:81:50)
    at updateSubject (C:\Users\dima6\Desktop\gitlab\homeworks-DanIT\node-js\homework-13\backend\node_modules\typeorm\persistence\SubjectExecutor.js:380:63)
    at Array.map (<anonymous>)
    at SubjectExecutor.executeUpdateOperations (C:\Users\dima6\Desktop\gitlab\homeworks-DanIT\node-js\homework-13\backend\node_modules\typeorm\persistence\SubjectExecutor.js:423:34)
    at SubjectExecutor.execute (C:\Users\dima6\Desktop\gitlab\homeworks-DanIT\node-js\homework-13\backend\node_modules\typeorm\persistence\SubjectExecutor.js:99:20)
    at process.processTicksAndRejections (node:internal/process/task_queues:95:5)
    at async EntityPersistExecutor.execute (C:\Users\dima6\Desktop\gitlab\homeworks-DanIT\node-js\homework-13\backend\node_modules\typeorm\persistence\EntityPersistExecutor.js:140:21)
2023-10-07T13:32:51.560Z error: Message: Cannot read properties of undefined (reading 'user_id'), Stack: TypeError: Cannot read properties of undefined (reading 'user_id')
    at NewsController.createPost (C:\Users\dima6\Desktop\gitlab\homeworks-DanIT\node-js\homework-13\backend\dist\src\controllers\NewsController.js:56:183)
    at Layer.handle [as handle_request] (C:\Users\dima6\Desktop\gitlab\homeworks-DanIT\node-js\homework-13\backend\node_modules\express\lib\router\layer.js:95:5)
    at next (C:\Users\dima6\Desktop\gitlab\homeworks-DanIT\node-js\homework-13\backend\node_modules\express\lib\router\route.js:144:13)
    at Immediate._onImmediate (C:\Users\dima6\Desktop\gitlab\homeworks-DanIT\node-js\homework-13\backend\dist\src\middleware\passportMiddleware.js:27:17)
    at process.processImmediate (node:internal/timers:476:21)
2023-10-07T13:45:22.857Z error: Message: Cannot perform update query because update values are not defined. Call "qb.set(...)" method to specify updated values., Stack: UpdateValuesMissingError: Cannot perform update query because update values are not defined. Call "qb.set(...)" method to specify updated values.
    at UpdateQueryBuilder.createUpdateExpression (C:\Users\dima6\Desktop\gitlab\homeworks-DanIT\node-js\homework-13\backend\node_modules\typeorm\query-builder\UpdateQueryBuilder.js:430:19)
    at UpdateQueryBuilder.getQuery (C:\Users\dima6\Desktop\gitlab\homeworks-DanIT\node-js\homework-13\backend\node_modules\typeorm\query-builder\UpdateQueryBuilder.js:34:21)
    at UpdateQueryBuilder.getQueryAndParameters (C:\Users\dima6\Desktop\gitlab\homeworks-DanIT\node-js\homework-13\backend\node_modules\typeorm\query-builder\QueryBuilder.js:274:28)
    at UpdateQueryBuilder.execute (C:\Users\dima6\Desktop\gitlab\homeworks-DanIT\node-js\homework-13\backend\node_modules\typeorm\query-builder\UpdateQueryBuilder.js:81:50)
    at updateSubject (C:\Users\dima6\Desktop\gitlab\homeworks-DanIT\node-js\homework-13\backend\node_modules\typeorm\persistence\SubjectExecutor.js:380:63)
    at Array.map (<anonymous>)
    at SubjectExecutor.executeUpdateOperations (C:\Users\dima6\Desktop\gitlab\homeworks-DanIT\node-js\homework-13\backend\node_modules\typeorm\persistence\SubjectExecutor.js:423:34)
    at SubjectExecutor.execute (C:\Users\dima6\Desktop\gitlab\homeworks-DanIT\node-js\homework-13\backend\node_modules\typeorm\persistence\SubjectExecutor.js:99:20)
    at process.processTicksAndRejections (node:internal/process/task_queues:95:5)
    at async EntityPersistExecutor.execute (C:\Users\dima6\Desktop\gitlab\homeworks-DanIT\node-js\homework-13\backend\node_modules\typeorm\persistence\EntityPersistExecutor.js:140:21)
2023-10-07T13:45:42.007Z error: Message: Cannot perform update query because update values are not defined. Call "qb.set(...)" method to specify updated values., Stack: UpdateValuesMissingError: Cannot perform update query because update values are not defined. Call "qb.set(...)" method to specify updated values.
    at UpdateQueryBuilder.createUpdateExpression (C:\Users\dima6\Desktop\gitlab\homeworks-DanIT\node-js\homework-13\backend\node_modules\typeorm\query-builder\UpdateQueryBuilder.js:430:19)
    at UpdateQueryBuilder.getQuery (C:\Users\dima6\Desktop\gitlab\homeworks-DanIT\node-js\homework-13\backend\node_modules\typeorm\query-builder\UpdateQueryBuilder.js:34:21)
    at UpdateQueryBuilder.getQueryAndParameters (C:\Users\dima6\Desktop\gitlab\homeworks-DanIT\node-js\homework-13\backend\node_modules\typeorm\query-builder\QueryBuilder.js:274:28)
    at UpdateQueryBuilder.execute (C:\Users\dima6\Desktop\gitlab\homeworks-DanIT\node-js\homework-13\backend\node_modules\typeorm\query-builder\UpdateQueryBuilder.js:81:50)
    at updateSubject (C:\Users\dima6\Desktop\gitlab\homeworks-DanIT\node-js\homework-13\backend\node_modules\typeorm\persistence\SubjectExecutor.js:380:63)
    at Array.map (<anonymous>)
    at SubjectExecutor.executeUpdateOperations (C:\Users\dima6\Desktop\gitlab\homeworks-DanIT\node-js\homework-13\backend\node_modules\typeorm\persistence\SubjectExecutor.js:423:34)
    at SubjectExecutor.execute (C:\Users\dima6\Desktop\gitlab\homeworks-DanIT\node-js\homework-13\backend\node_modules\typeorm\persistence\SubjectExecutor.js:99:20)
    at process.processTicksAndRejections (node:internal/process/task_queues:95:5)
    at async EntityPersistExecutor.execute (C:\Users\dima6\Desktop\gitlab\homeworks-DanIT\node-js\homework-13\backend\node_modules\typeorm\persistence\EntityPersistExecutor.js:140:21)
2023-10-07T13:46:17.859Z error: Message: Cannot perform update query because update values are not defined. Call "qb.set(...)" method to specify updated values., Stack: UpdateValuesMissingError: Cannot perform update query because update values are not defined. Call "qb.set(...)" method to specify updated values.
    at UpdateQueryBuilder.createUpdateExpression (C:\Users\dima6\Desktop\gitlab\homeworks-DanIT\node-js\homework-13\backend\node_modules\typeorm\query-builder\UpdateQueryBuilder.js:430:19)
    at UpdateQueryBuilder.getQuery (C:\Users\dima6\Desktop\gitlab\homeworks-DanIT\node-js\homework-13\backend\node_modules\typeorm\query-builder\UpdateQueryBuilder.js:34:21)
    at UpdateQueryBuilder.getQueryAndParameters (C:\Users\dima6\Desktop\gitlab\homeworks-DanIT\node-js\homework-13\backend\node_modules\typeorm\query-builder\QueryBuilder.js:274:28)
    at UpdateQueryBuilder.execute (C:\Users\dima6\Desktop\gitlab\homeworks-DanIT\node-js\homework-13\backend\node_modules\typeorm\query-builder\UpdateQueryBuilder.js:81:50)
    at updateSubject (C:\Users\dima6\Desktop\gitlab\homeworks-DanIT\node-js\homework-13\backend\node_modules\typeorm\persistence\SubjectExecutor.js:380:63)
    at Array.map (<anonymous>)
    at SubjectExecutor.executeUpdateOperations (C:\Users\dima6\Desktop\gitlab\homeworks-DanIT\node-js\homework-13\backend\node_modules\typeorm\persistence\SubjectExecutor.js:423:34)
    at SubjectExecutor.execute (C:\Users\dima6\Desktop\gitlab\homeworks-DanIT\node-js\homework-13\backend\node_modules\typeorm\persistence\SubjectExecutor.js:99:20)
    at process.processTicksAndRejections (node:internal/process/task_queues:95:5)
    at async EntityPersistExecutor.execute (C:\Users\dima6\Desktop\gitlab\homeworks-DanIT\node-js\homework-13\backend\node_modules\typeorm\persistence\EntityPersistExecutor.js:140:21)
2023-10-07T13:46:18.680Z error: Message: Cannot perform update query because update values are not defined. Call "qb.set(...)" method to specify updated values., Stack: UpdateValuesMissingError: Cannot perform update query because update values are not defined. Call "qb.set(...)" method to specify updated values.
    at UpdateQueryBuilder.createUpdateExpression (C:\Users\dima6\Desktop\gitlab\homeworks-DanIT\node-js\homework-13\backend\node_modules\typeorm\query-builder\UpdateQueryBuilder.js:430:19)
    at UpdateQueryBuilder.getQuery (C:\Users\dima6\Desktop\gitlab\homeworks-DanIT\node-js\homework-13\backend\node_modules\typeorm\query-builder\UpdateQueryBuilder.js:34:21)
    at UpdateQueryBuilder.getQueryAndParameters (C:\Users\dima6\Desktop\gitlab\homeworks-DanIT\node-js\homework-13\backend\node_modules\typeorm\query-builder\QueryBuilder.js:274:28)
    at UpdateQueryBuilder.execute (C:\Users\dima6\Desktop\gitlab\homeworks-DanIT\node-js\homework-13\backend\node_modules\typeorm\query-builder\UpdateQueryBuilder.js:81:50)
    at updateSubject (C:\Users\dima6\Desktop\gitlab\homeworks-DanIT\node-js\homework-13\backend\node_modules\typeorm\persistence\SubjectExecutor.js:380:63)
    at Array.map (<anonymous>)
    at SubjectExecutor.executeUpdateOperations (C:\Users\dima6\Desktop\gitlab\homeworks-DanIT\node-js\homework-13\backend\node_modules\typeorm\persistence\SubjectExecutor.js:423:34)
    at SubjectExecutor.execute (C:\Users\dima6\Desktop\gitlab\homeworks-DanIT\node-js\homework-13\backend\node_modules\typeorm\persistence\SubjectExecutor.js:99:20)
    at process.processTicksAndRejections (node:internal/process/task_queues:95:5)
    at async EntityPersistExecutor.execute (C:\Users\dima6\Desktop\gitlab\homeworks-DanIT\node-js\homework-13\backend\node_modules\typeorm\persistence\EntityPersistExecutor.js:140:21)
2023-10-07T13:46:31.669Z error: Message: Cannot perform update query because update values are not defined. Call "qb.set(...)" method to specify updated values., Stack: UpdateValuesMissingError: Cannot perform update query because update values are not defined. Call "qb.set(...)" method to specify updated values.
    at UpdateQueryBuilder.createUpdateExpression (C:\Users\dima6\Desktop\gitlab\homeworks-DanIT\node-js\homework-13\backend\node_modules\typeorm\query-builder\UpdateQueryBuilder.js:430:19)
    at UpdateQueryBuilder.getQuery (C:\Users\dima6\Desktop\gitlab\homeworks-DanIT\node-js\homework-13\backend\node_modules\typeorm\query-builder\UpdateQueryBuilder.js:34:21)
    at UpdateQueryBuilder.getQueryAndParameters (C:\Users\dima6\Desktop\gitlab\homeworks-DanIT\node-js\homework-13\backend\node_modules\typeorm\query-builder\QueryBuilder.js:274:28)
    at UpdateQueryBuilder.execute (C:\Users\dima6\Desktop\gitlab\homeworks-DanIT\node-js\homework-13\backend\node_modules\typeorm\query-builder\UpdateQueryBuilder.js:81:50)
    at updateSubject (C:\Users\dima6\Desktop\gitlab\homeworks-DanIT\node-js\homework-13\backend\node_modules\typeorm\persistence\SubjectExecutor.js:380:63)
    at Array.map (<anonymous>)
    at SubjectExecutor.executeUpdateOperations (C:\Users\dima6\Desktop\gitlab\homeworks-DanIT\node-js\homework-13\backend\node_modules\typeorm\persistence\SubjectExecutor.js:423:34)
    at SubjectExecutor.execute (C:\Users\dima6\Desktop\gitlab\homeworks-DanIT\node-js\homework-13\backend\node_modules\typeorm\persistence\SubjectExecutor.js:99:20)
    at process.processTicksAndRejections (node:internal/process/task_queues:95:5)
    at async EntityPersistExecutor.execute (C:\Users\dima6\Desktop\gitlab\homeworks-DanIT\node-js\homework-13\backend\node_modules\typeorm\persistence\EntityPersistExecutor.js:140:21)
2023-10-07T14:05:37.863Z error: Message: OFFSET повинен бути не негативним, Stack: QueryFailedError: OFFSET повинен бути не негативним
    at PostgresQueryRunner.query (C:\Users\dima6\Desktop\gitlab\homeworks-DanIT\node-js\homework-13\backend\node_modules\typeorm\driver\postgres\PostgresQueryRunner.js:211:19)
    at process.processTicksAndRejections (node:internal/process/task_queues:95:5)
    at async SelectQueryBuilder.loadRawResults (C:\Users\dima6\Desktop\gitlab\homeworks-DanIT\node-js\homework-13\backend\node_modules\typeorm\query-builder\SelectQueryBuilder.js:2183:25)
    at async SelectQueryBuilder.getRawMany (C:\Users\dima6\Desktop\gitlab\homeworks-DanIT\node-js\homework-13\backend\node_modules\typeorm\query-builder\SelectQueryBuilder.js:646:29)
    at async SelectQueryBuilder.executeEntitiesAndRawResults (C:\Users\dima6\Desktop\gitlab\homeworks-DanIT\node-js\homework-13\backend\node_modules\typeorm\query-builder\SelectQueryBuilder.js:1973:26)
    at async SelectQueryBuilder.getRawAndEntities (C:\Users\dima6\Desktop\gitlab\homeworks-DanIT\node-js\homework-13\backend\node_modules\typeorm\query-builder\SelectQueryBuilder.js:684:29)
    at async SelectQueryBuilder.getMany (C:\Users\dima6\Desktop\gitlab\homeworks-DanIT\node-js\homework-13\backend\node_modules\typeorm\query-builder\SelectQueryBuilder.js:750:25)
    at async NewspostsRepository.getAllNewspostsPaged (C:\Users\dima6\Desktop\gitlab\homeworks-DanIT\node-js\homework-13\backend\dist\src\dal\newsposts\newsposts.repository.js:22:34)
    at async NewsController.getAllPostsQuery (C:\Users\dima6\Desktop\gitlab\homeworks-DanIT\node-js\homework-13\backend\dist\src\controllers\NewsController.js:33:31)
2023-10-07T14:05:37.900Z error: Message: OFFSET повинен бути не негативним, Stack: QueryFailedError: OFFSET повинен бути не негативним
    at PostgresQueryRunner.query (C:\Users\dima6\Desktop\gitlab\homeworks-DanIT\node-js\homework-13\backend\node_modules\typeorm\driver\postgres\PostgresQueryRunner.js:211:19)
    at process.processTicksAndRejections (node:internal/process/task_queues:95:5)
    at async SelectQueryBuilder.loadRawResults (C:\Users\dima6\Desktop\gitlab\homeworks-DanIT\node-js\homework-13\backend\node_modules\typeorm\query-builder\SelectQueryBuilder.js:2183:25)
    at async SelectQueryBuilder.getRawMany (C:\Users\dima6\Desktop\gitlab\homeworks-DanIT\node-js\homework-13\backend\node_modules\typeorm\query-builder\SelectQueryBuilder.js:646:29)
    at async SelectQueryBuilder.executeEntitiesAndRawResults (C:\Users\dima6\Desktop\gitlab\homeworks-DanIT\node-js\homework-13\backend\node_modules\typeorm\query-builder\SelectQueryBuilder.js:1973:26)
    at async SelectQueryBuilder.getRawAndEntities (C:\Users\dima6\Desktop\gitlab\homeworks-DanIT\node-js\homework-13\backend\node_modules\typeorm\query-builder\SelectQueryBuilder.js:684:29)
    at async SelectQueryBuilder.getMany (C:\Users\dima6\Desktop\gitlab\homeworks-DanIT\node-js\homework-13\backend\node_modules\typeorm\query-builder\SelectQueryBuilder.js:750:25)
    at async NewspostsRepository.getAllNewspostsPaged (C:\Users\dima6\Desktop\gitlab\homeworks-DanIT\node-js\homework-13\backend\dist\src\dal\newsposts\newsposts.repository.js:22:34)
    at async NewsController.getAllPostsQuery (C:\Users\dima6\Desktop\gitlab\homeworks-DanIT\node-js\homework-13\backend\dist\src\controllers\NewsController.js:33:31)
2023-10-07T14:05:46.023Z error: Message: OFFSET повинен бути не негативним, Stack: QueryFailedError: OFFSET повинен бути не негативним
    at PostgresQueryRunner.query (C:\Users\dima6\Desktop\gitlab\homeworks-DanIT\node-js\homework-13\backend\node_modules\typeorm\driver\postgres\PostgresQueryRunner.js:211:19)
    at process.processTicksAndRejections (node:internal/process/task_queues:95:5)
    at async SelectQueryBuilder.loadRawResults (C:\Users\dima6\Desktop\gitlab\homeworks-DanIT\node-js\homework-13\backend\node_modules\typeorm\query-builder\SelectQueryBuilder.js:2183:25)
    at async SelectQueryBuilder.getRawMany (C:\Users\dima6\Desktop\gitlab\homeworks-DanIT\node-js\homework-13\backend\node_modules\typeorm\query-builder\SelectQueryBuilder.js:646:29)
    at async SelectQueryBuilder.executeEntitiesAndRawResults (C:\Users\dima6\Desktop\gitlab\homeworks-DanIT\node-js\homework-13\backend\node_modules\typeorm\query-builder\SelectQueryBuilder.js:1973:26)
    at async SelectQueryBuilder.getRawAndEntities (C:\Users\dima6\Desktop\gitlab\homeworks-DanIT\node-js\homework-13\backend\node_modules\typeorm\query-builder\SelectQueryBuilder.js:684:29)
    at async SelectQueryBuilder.getMany (C:\Users\dima6\Desktop\gitlab\homeworks-DanIT\node-js\homework-13\backend\node_modules\typeorm\query-builder\SelectQueryBuilder.js:750:25)
    at async NewspostsRepository.getAllNewspostsPaged (C:\Users\dima6\Desktop\gitlab\homeworks-DanIT\node-js\homework-13\backend\dist\src\dal\newsposts\newsposts.repository.js:22:34)
    at async NewsController.getAllPostsQuery (C:\Users\dima6\Desktop\gitlab\homeworks-DanIT\node-js\homework-13\backend\dist\src\controllers\NewsController.js:33:31)
2023-10-07T14:05:46.027Z error: Message: OFFSET повинен бути не негативним, Stack: QueryFailedError: OFFSET повинен бути не негативним
    at PostgresQueryRunner.query (C:\Users\dima6\Desktop\gitlab\homeworks-DanIT\node-js\homework-13\backend\node_modules\typeorm\driver\postgres\PostgresQueryRunner.js:211:19)
    at process.processTicksAndRejections (node:internal/process/task_queues:95:5)
    at async SelectQueryBuilder.loadRawResults (C:\Users\dima6\Desktop\gitlab\homeworks-DanIT\node-js\homework-13\backend\node_modules\typeorm\query-builder\SelectQueryBuilder.js:2183:25)
    at async SelectQueryBuilder.getRawMany (C:\Users\dima6\Desktop\gitlab\homeworks-DanIT\node-js\homework-13\backend\node_modules\typeorm\query-builder\SelectQueryBuilder.js:646:29)
    at async SelectQueryBuilder.executeEntitiesAndRawResults (C:\Users\dima6\Desktop\gitlab\homeworks-DanIT\node-js\homework-13\backend\node_modules\typeorm\query-builder\SelectQueryBuilder.js:1973:26)
    at async SelectQueryBuilder.getRawAndEntities (C:\Users\dima6\Desktop\gitlab\homeworks-DanIT\node-js\homework-13\backend\node_modules\typeorm\query-builder\SelectQueryBuilder.js:684:29)
    at async SelectQueryBuilder.getMany (C:\Users\dima6\Desktop\gitlab\homeworks-DanIT\node-js\homework-13\backend\node_modules\typeorm\query-builder\SelectQueryBuilder.js:750:25)
    at async NewspostsRepository.getAllNewspostsPaged (C:\Users\dima6\Desktop\gitlab\homeworks-DanIT\node-js\homework-13\backend\dist\src\dal\newsposts\newsposts.repository.js:22:34)
    at async NewsController.getAllPostsQuery (C:\Users\dima6\Desktop\gitlab\homeworks-DanIT\node-js\homework-13\backend\dist\src\controllers\NewsController.js:33:31)
2023-10-07T14:05:47.391Z error: Message: OFFSET повинен бути не негативним, Stack: QueryFailedError: OFFSET повинен бути не негативним
    at PostgresQueryRunner.query (C:\Users\dima6\Desktop\gitlab\homeworks-DanIT\node-js\homework-13\backend\node_modules\typeorm\driver\postgres\PostgresQueryRunner.js:211:19)
    at process.processTicksAndRejections (node:internal/process/task_queues:95:5)
    at async SelectQueryBuilder.loadRawResults (C:\Users\dima6\Desktop\gitlab\homeworks-DanIT\node-js\homework-13\backend\node_modules\typeorm\query-builder\SelectQueryBuilder.js:2183:25)
    at async SelectQueryBuilder.getRawMany (C:\Users\dima6\Desktop\gitlab\homeworks-DanIT\node-js\homework-13\backend\node_modules\typeorm\query-builder\SelectQueryBuilder.js:646:29)
    at async SelectQueryBuilder.executeEntitiesAndRawResults (C:\Users\dima6\Desktop\gitlab\homeworks-DanIT\node-js\homework-13\backend\node_modules\typeorm\query-builder\SelectQueryBuilder.js:1973:26)
    at async SelectQueryBuilder.getRawAndEntities (C:\Users\dima6\Desktop\gitlab\homeworks-DanIT\node-js\homework-13\backend\node_modules\typeorm\query-builder\SelectQueryBuilder.js:684:29)
    at async SelectQueryBuilder.getMany (C:\Users\dima6\Desktop\gitlab\homeworks-DanIT\node-js\homework-13\backend\node_modules\typeorm\query-builder\SelectQueryBuilder.js:750:25)
    at async NewspostsRepository.getAllNewspostsPaged (C:\Users\dima6\Desktop\gitlab\homeworks-DanIT\node-js\homework-13\backend\dist\src\dal\newsposts\newsposts.repository.js:22:34)
    at async NewsController.getAllPostsQuery (C:\Users\dima6\Desktop\gitlab\homeworks-DanIT\node-js\homework-13\backend\dist\src\controllers\NewsController.js:33:31)
2023-10-07T14:05:47.397Z error: Message: OFFSET повинен бути не негативним, Stack: QueryFailedError: OFFSET повинен бути не негативним
    at PostgresQueryRunner.query (C:\Users\dima6\Desktop\gitlab\homeworks-DanIT\node-js\homework-13\backend\node_modules\typeorm\driver\postgres\PostgresQueryRunner.js:211:19)
    at process.processTicksAndRejections (node:internal/process/task_queues:95:5)
    at async SelectQueryBuilder.loadRawResults (C:\Users\dima6\Desktop\gitlab\homeworks-DanIT\node-js\homework-13\backend\node_modules\typeorm\query-builder\SelectQueryBuilder.js:2183:25)
    at async SelectQueryBuilder.getRawMany (C:\Users\dima6\Desktop\gitlab\homeworks-DanIT\node-js\homework-13\backend\node_modules\typeorm\query-builder\SelectQueryBuilder.js:646:29)
    at async SelectQueryBuilder.executeEntitiesAndRawResults (C:\Users\dima6\Desktop\gitlab\homeworks-DanIT\node-js\homework-13\backend\node_modules\typeorm\query-builder\SelectQueryBuilder.js:1973:26)
    at async SelectQueryBuilder.getRawAndEntities (C:\Users\dima6\Desktop\gitlab\homeworks-DanIT\node-js\homework-13\backend\node_modules\typeorm\query-builder\SelectQueryBuilder.js:684:29)
    at async SelectQueryBuilder.getMany (C:\Users\dima6\Desktop\gitlab\homeworks-DanIT\node-js\homework-13\backend\node_modules\typeorm\query-builder\SelectQueryBuilder.js:750:25)
    at async NewspostsRepository.getAllNewspostsPaged (C:\Users\dima6\Desktop\gitlab\homeworks-DanIT\node-js\homework-13\backend\dist\src\dal\newsposts\newsposts.repository.js:22:34)
    at async NewsController.getAllPostsQuery (C:\Users\dima6\Desktop\gitlab\homeworks-DanIT\node-js\homework-13\backend\dist\src\controllers\NewsController.js:33:31)
2023-10-07T14:06:02.834Z error: Message: OFFSET повинен бути не негативним, Stack: QueryFailedError: OFFSET повинен бути не негативним
    at PostgresQueryRunner.query (C:\Users\dima6\Desktop\gitlab\homeworks-DanIT\node-js\homework-13\backend\node_modules\typeorm\driver\postgres\PostgresQueryRunner.js:211:19)
    at process.processTicksAndRejections (node:internal/process/task_queues:95:5)
    at async SelectQueryBuilder.loadRawResults (C:\Users\dima6\Desktop\gitlab\homeworks-DanIT\node-js\homework-13\backend\node_modules\typeorm\query-builder\SelectQueryBuilder.js:2183:25)
    at async SelectQueryBuilder.getRawMany (C:\Users\dima6\Desktop\gitlab\homeworks-DanIT\node-js\homework-13\backend\node_modules\typeorm\query-builder\SelectQueryBuilder.js:646:29)
    at async SelectQueryBuilder.executeEntitiesAndRawResults (C:\Users\dima6\Desktop\gitlab\homeworks-DanIT\node-js\homework-13\backend\node_modules\typeorm\query-builder\SelectQueryBuilder.js:1973:26)
    at async SelectQueryBuilder.getRawAndEntities (C:\Users\dima6\Desktop\gitlab\homeworks-DanIT\node-js\homework-13\backend\node_modules\typeorm\query-builder\SelectQueryBuilder.js:684:29)
    at async SelectQueryBuilder.getMany (C:\Users\dima6\Desktop\gitlab\homeworks-DanIT\node-js\homework-13\backend\node_modules\typeorm\query-builder\SelectQueryBuilder.js:750:25)
    at async NewspostsRepository.getAllNewspostsPaged (C:\Users\dima6\Desktop\gitlab\homeworks-DanIT\node-js\homework-13\backend\dist\src\dal\newsposts\newsposts.repository.js:22:34)
    at async NewsController.getAllPostsQuery (C:\Users\dima6\Desktop\gitlab\homeworks-DanIT\node-js\homework-13\backend\dist\src\controllers\NewsController.js:33:31)
2023-10-07T14:06:04.143Z error: Message: OFFSET повинен бути не негативним, Stack: QueryFailedError: OFFSET повинен бути не негативним
    at PostgresQueryRunner.query (C:\Users\dima6\Desktop\gitlab\homeworks-DanIT\node-js\homework-13\backend\node_modules\typeorm\driver\postgres\PostgresQueryRunner.js:211:19)
    at process.processTicksAndRejections (node:internal/process/task_queues:95:5)
    at async SelectQueryBuilder.loadRawResults (C:\Users\dima6\Desktop\gitlab\homeworks-DanIT\node-js\homework-13\backend\node_modules\typeorm\query-builder\SelectQueryBuilder.js:2183:25)
    at async SelectQueryBuilder.getRawMany (C:\Users\dima6\Desktop\gitlab\homeworks-DanIT\node-js\homework-13\backend\node_modules\typeorm\query-builder\SelectQueryBuilder.js:646:29)
    at async SelectQueryBuilder.executeEntitiesAndRawResults (C:\Users\dima6\Desktop\gitlab\homeworks-DanIT\node-js\homework-13\backend\node_modules\typeorm\query-builder\SelectQueryBuilder.js:1973:26)
    at async SelectQueryBuilder.getRawAndEntities (C:\Users\dima6\Desktop\gitlab\homeworks-DanIT\node-js\homework-13\backend\node_modules\typeorm\query-builder\SelectQueryBuilder.js:684:29)
    at async SelectQueryBuilder.getMany (C:\Users\dima6\Desktop\gitlab\homeworks-DanIT\node-js\homework-13\backend\node_modules\typeorm\query-builder\SelectQueryBuilder.js:750:25)
    at async NewspostsRepository.getAllNewspostsPaged (C:\Users\dima6\Desktop\gitlab\homeworks-DanIT\node-js\homework-13\backend\dist\src\dal\newsposts\newsposts.repository.js:22:34)
    at async NewsController.getAllPostsQuery (C:\Users\dima6\Desktop\gitlab\homeworks-DanIT\node-js\homework-13\backend\dist\src\controllers\NewsController.js:33:31)
